<?xml version="1.0" encoding="UTF-8"?>
<testng-results skipped="0" failed="0" ignored="0" total="2" passed="2">
  <reporter-output>
  </reporter-output>
  <suite name="testSuite" duration-ms="44002" started-at="2020-01-01T17:29:09 IST" finished-at="2020-01-01T17:29:54 IST">
    <groups>
    </groups>
    <test name="example" duration-ms="41725" started-at="2020-01-01T17:29:09 IST" finished-at="2020-01-01T17:29:51 IST">
      <class name="testFile.google">
        <test-method status="PASS" signature="main1(java.lang.String)[pri:0, instance:testFile.google@6a2bcfcb]" name="main1" duration-ms="41541" started-at="2020-01-01T17:29:10 IST" finished-at="2020-01-01T17:29:51 IST">
          <params>
            <param index="0">
              <value>
                <![CDATA[http://www.gmail.com]]>
              </value>
            </param>
          </params>
          <reporter-output>
          </reporter-output>
        </test-method> <!-- main1 -->
      </class> <!-- testFile.google -->
    </test> <!-- example -->
    <test name="example1" duration-ms="44002" started-at="2020-01-01T17:29:09 IST" finished-at="2020-01-01T17:29:54 IST">
      <class name="testFile.google">
        <test-method status="PASS" signature="main1(java.lang.String)[pri:0, instance:testFile.google@58651fd0]" name="main1" duration-ms="43940" started-at="2020-01-01T17:29:10 IST" finished-at="2020-01-01T17:29:54 IST">
          <params>
            <param index="0">
              <value>
                <![CDATA[http://www.yahoo.com]]>
              </value>
            </param>
          </params>
          <reporter-output>
          </reporter-output>
        </test-method> <!-- main1 -->
      </class> <!-- testFile.google -->
    </test> <!-- example1 -->
  </suite> <!-- testSuite -->
</testng-results>
