<?xml version="1.0" encoding="UTF-8"?>
<testng-results skipped="0" failed="0" ignored="0" total="3" passed="3">
  <reporter-output>
  </reporter-output>
  <suite name="Surefire suite" duration-ms="11741" started-at="2019-11-03T16:24:03 IST" finished-at="2019-11-03T16:24:15 IST">
    <groups>
      <group name="cucumber">
        <method signature="AbstractTestNGCucumberTests.feature(cucumber.api.testng.CucumberFeatureWrapper)[pri:0, instance:runnerFile.runnerClass@2ef5e5e3]" name="feature" class="cucumber.api.testng.AbstractTestNGCucumberTests"/>
      </group> <!-- cucumber -->
    </groups>
    <test name="Surefire test" duration-ms="11741" started-at="2019-11-03T16:24:03 IST" finished-at="2019-11-03T16:24:15 IST">
      <class name="runnerFile.runnerClass">
        <test-method status="PASS" signature="setUpClass()[pri:0, instance:runnerFile.runnerClass@2ef5e5e3]" name="setUpClass" is-config="true" duration-ms="440" started-at="2019-11-03T16:24:03 IST" finished-at="2019-11-03T16:24:04 IST">
          <reporter-output>
          </reporter-output>
        </test-method> <!-- setUpClass -->
        <test-method status="PASS" signature="feature(cucumber.api.testng.CucumberFeatureWrapper)[pri:0, instance:runnerFile.runnerClass@2ef5e5e3]" name="feature" duration-ms="11055" started-at="2019-11-03T16:24:04 IST" description="Runs Cucumber Feature" data-provider="features" finished-at="2019-11-03T16:24:15 IST">
          <params>
            <param index="0">
              <value>
                <![CDATA[Title of your feature]]>
              </value>
            </param>
          </params>
          <reporter-output>
          </reporter-output>
        </test-method> <!-- feature -->
        <test-method status="PASS" signature="first()[pri:0, instance:runnerFile.runnerClass@2ef5e5e3]" name="first" duration-ms="1" started-at="2019-11-03T16:24:15 IST" finished-at="2019-11-03T16:24:15 IST">
          <reporter-output>
          </reporter-output>
        </test-method> <!-- first -->
        <test-method status="PASS" signature="main()[pri:0, instance:runnerFile.runnerClass@2ef5e5e3]" name="main" duration-ms="1" started-at="2019-11-03T16:24:15 IST" finished-at="2019-11-03T16:24:15 IST">
          <reporter-output>
          </reporter-output>
        </test-method> <!-- main -->
        <test-method status="PASS" signature="tearDownClass()[pri:0, instance:runnerFile.runnerClass@2ef5e5e3]" name="tearDownClass" is-config="true" duration-ms="11" started-at="2019-11-03T16:24:15 IST" finished-at="2019-11-03T16:24:15 IST">
          <reporter-output>
          </reporter-output>
        </test-method> <!-- tearDownClass -->
      </class> <!-- runnerFile.runnerClass -->
    </test> <!-- Surefire test -->
  </suite> <!-- Surefire suite -->
</testng-results>
