<?xml version="1.0" encoding="UTF-8"?>
<!-- Generated by org.testng.reporters.JUnitXMLReporter -->
<testsuite hostname="DESKTOP-7KMSP50" ignored="0" name="Surefire test" tests="3" failures="0" timestamp="2019-11-03T16:24:15 IST" time="11.741" errors="0">
  <testcase name="feature" time="11.055" classname="cucumber.api.testng.AbstractTestNGCucumberTests"/>
  <testcase name="first" time="0.001" classname="runnerFile.runnerClass"/>
  <testcase name="main" time="0.001" classname="runnerFile.runnerClass"/>
</testsuite> <!-- Surefire test -->
